<?xml version="1.0" encoding="UTF-8"?>
<!-- Generated by org.testng.reporters.JUnitReportReporter -->
<testsuite hostname="chintan" name="ttt.model.dao.PlayerDaoTest" tests="1" failures="0" timestamp="9 Jun 2014 18:40:23 GMT" time="0.000" errors="0">
  <testcase name="getPlayer" time="0.000" classname="ttt.model.dao.PlayerDaoTest"/>
</testsuite> <!-- ttt.model.dao.PlayerDaoTest -->
