<?xml version="1.0" encoding="UTF-8"?>
<!-- Generated by org.testng.reporters.JUnitReportReporter -->
<testsuite hostname="chintan" name="ttt.model.dao.GameDaoTest" tests="1" failures="0" timestamp="9 Jun 2014 18:40:23 GMT" time="0.344" errors="0">
  <testcase name="getUserAIWinLoss" time="0.344" classname="ttt.model.dao.GameDaoTest"/>
</testsuite> <!-- ttt.model.dao.GameDaoTest -->
